POST#1: +1 -0
POST#2: +0 -1
POST#3: +1 -0
POST#4: +0 -1
POST#5: +2 -0
POST#6: +0 -2
POST#7: +1 -1
POST#8: +1 -1
POST#9: +1 -0
POST#10: +0 -1
POST#11: +0 -0
POST#12: +0 -0
POST#13: +1 -0
POST#14: +0 -1
POST#15: +1 -0
POST#16: +0 -1
POST#17: +1 -0
POST#18: +0 -1
POST#19: +0 -0
POST#20: +0 -0
POST#21: +0 -1
POST#22: +0 -1
POST#23: +0 -1
POST#24: +0 -1
POST#25: +0 -1
POST#26: +0 -0
POST#27: +0 -0
POST#28: +0 -0
POST#29: +0 -0
POST#30: +0 -0
POST#31: +0 -0
POST#32: +1 -0
POST#33: +1 -0
POST#34: +1 -0
POST#35: +1 -0
POST#36: +1 -0
POST#37: +5 -5
POST#38: +5 -5
POST#39: +5 -5
POST#40: +5 -5
POST#41: +5 -5
POST#42: +5 -5
POST#43: +5 -5
POST#44: +5 -5
POST#45: +5 -5
POST#46: +5 -5
POST#47: +2 -1
POST#48: +1 -1
POST#49: +2 -0
