6095
14911
12209
51935
415339
505
402225
39775
2925
171535
62525
210975
9855
157250
352529
3439
10990
48691
164289
37065
32020
2465
671
194545
7825
442416
2056
8801
329295
83215
307105
23346
285935
219526
113521
87836
1379
137345
6924
1
45585
5
260
265761
246559
25345
4641
485199
27455
131104
296394
364545
237315
256040
70330
389390
1105
13515
4010
111
58849
178991
17985
428735
340780
19669
65
376831
119195
275725
34481
21455
97585
34
318071
500050
42614
16400
175
369
186660
78759
29679
66351
470645
5335
150415
15
102719
456385
143781
92625
870
1695
228305
108030
202649
125055
74465
55320
