0
0
0
0
0
0
0
4
3
2
1
1
2
3
4
5
10
8
6
4
2
4
6
8
10
12
14
18
15
12
9
6
6
9
12
15
18
21
24
27
28
24
20
16
12
9
12
16
20
24
28
32
36
40
44
40
35
30
25
20
16
15
20
25
30
35
40
45
50
55
60
65
54
48
42
36
30
25
20
24
30
36
42
48
54
60
66
72
78
84
90
70
63
56
49
42
36
30
28
35
42
49
56
63
70
77
84
91
98
105
112
119
88
80
72
64
56
49
42
36
40
48
56
64
72
80
88
96
104
112
120
128
136
144
152
108
99
90
81
72
64
56
49
45
54
63
72
81
90
99
108
117
126
135
144
153
162
171
180
189
130
120
110
100
90
81
72
64
56
60
70
80
90
100
110
120
130
140
150
160
170
180
190
200
210
220
230
154
143
132
121
110
100
90
81
72
66
77
88
99
110
121
132
143
154
165
176
187
198
209
220
231
242
253
264
275
180
168
156
144
132
121
110
100
90
81
84
96
108
120
132
144
156
168
180
192
204
216
228
240
252
264
276
288
300
312
324
1991009
997000
994009
995006
993012
1493506
658020
2652
121844
16002
292740
1295040
923742
130572
511225
1965147
383625
190221
680625
64262
120062
857768
112560
559063
666723
606480
891
897280
196480
414007
14161
65511
180200
613800
841
757050
408425
155744
58468
68906
1406
100870
247752
1225440
186576
16
153663
380689
5002
934206
1514444
679800
622521
368449
278256
20300
1536966
904128
280370
453602
642402
546865
196
524618
108808
592900
5256
1419912
26235
196268
743767
493
154860
936183
1439252
17220
30
171080
1000332
1261734
25440
83439
171780
432936
101442
675684
485809
245616
332148
540540
273966
236682
134385
192324
275625
70225
264402
61101
2652
116896
652056
26000
326041
267444
645610
121352
1111881
53111
559800
261924
182501
1222656
45510
417632
1005753
20736
4732
279256
82369
175980
130682
311922
713216
431445
98
430050
231016
2664
45120
546121
631230
31416
39000
106920
88346
189720
454276
866133
1189746
573806
179200
380
318015
1039520
5037
298662
2
767087
108900
55225
0
26569
8170
230400
781030
18537
936138
889249
236070
138744
179776
293691
35035
625784
13700
64541
376996
510898
698112
57300
48620
72361
306666
126380
22176
119320
973728
151768
61122
1524250
788500
62750
74965
518420
136515
24250
9906
243542
25440
2352
66049
52459
15252
928750
20449
221368
26062
350110
1562104
74800
278825
193752
136452
131769
1145949
468510
468528
1007697
865257
21609
7140
73428
707200
267750
450653
357
2478
4
136900
1020876
176820
35532
6014
20306
137685
118188
34950
417962
961944
151405
21390
513513
256
527506
824592
88506
582712
1379625
272
12753
368676
5394
49
22512
215296
2091
25272
1046320
269361
344425
363832
266475
224393
