1
3
7
7
15
15
15
15
31
31
31
31
31
31
31
31
63
63
63
63
63
63
63
63
63
63
63
63
63
63
63
63
127
127
127
127
127
127
127
127
127
127
127
127
127
127
127
127
127
127
127
1125899906842623
70368744177663
35184372088831
1099511627775
137438953471
34359738367
1073741823
268435455
8388607
2097151
262143
32767
511
1125899906842623
35184372088831
17592186044415
2199023255551
274877906943
4294967295
2147483647
134217727
8388607
2097151
131071
8191
1023
2251799813685247
70368744177663
4398046511103
1099511627775
34359738367
34359738367
536870911
134217727
16777215
2097151
65535
16383
1023
2251799813685247
140737488355327
4398046511103
2199023255551
137438953471
8589934591
2147483647
134217727
16777215
2097151
262143
16383
1023
2251799813685247
35184372088831
8796093022207
2199023255551
274877906943
17179869183
1073741823
268435455
16777215
1048575
131071
16383
2047
2251799813685247
281474976710655
8796093022207
2199023255551
274877906943
4294967295
536870911
67108863
16777215
2097151
131071
32767
1023
2251799813685247
140737488355327
17592186044415
1099511627775
274877906943
17179869183
536870911
67108863
8388607
524287
65535
16383
2047
2251799813685247
281474976710655
17592186044415
1099511627775
68719476735
17179869183
1073741823
268435455
16777215
2097151
262143
4095
2047
562949953421311
70368744177663
4398046511103
549755813887
274877906943
34359738367
2147483647
268435455
8388607
2097151
65535
16383
2047
1125899906842623
281474976710655
4398046511103
2199023255551
68719476735
34359738367
2147483647
134217727
16777215
2097151
262143
8191
2047
562949953421311
140737488355327
4398046511103
2199023255551
137438953471
8589934591
2147483647
268435455
16777215
2097151
131071
32767
2047
2251799813685247
281474976710655
17592186044415
2199023255551
274877906943
8589934591
