0
0
12
12
0
4
4
20
20
0
20
20
24
24
28
28
0
8
8
4
4
12
12
36
36
0
28
28
32
32
36
36
40
40
44
44
0
12
12
36
36
4
4
44
44
20
20
52
52
0
36
36
8
8
44
44
48
48
12
12
56
56
60
60
0
16
16
44
44
20
20
4
4
24
24
60
60
28
28
68
68
1224
460
1164
664
644
192
1224
1400
1340
1044
1172
12
740
940
1244
44
404
1116
1456
1308
848
1012
1340
328
420
380
1268
1176
344
1220
996
656
580
556
304
996
1268
120
820
1356
328
668
288
676
948
1124
324
1092
592
352
11784
13180
7260
13124
1740
11056
2988
12388
13392
10428
2176
11180
12480
12908
8324
192
14652
6784
3056
9368
10968
12536
15408
3948
11228
6728
5064
10316
13956
13660
3684
428
12116
10536
648
12500
1588
10460
10180
3144
4012
12200
6704
3680
10368
4820
12516
12904
11700
13300
127692
20784
103388
112292
92396
3396
113804
110756
18936
109736
88432
17244
16316
60144
30368
17180
121540
46880
6876
61652
10980
151380
45524
43596
122660
57664
97300
45940
6936
149224
120036
25252
95508
115884
102872
128124
129116
103140
1108
111480
130188
132752
126704
102340
97860
57020
129488
30756
105284
131632
35372
280556
97484
641220
18164
352740
119284
137760
57828
76728
64060
155628
84904
31720
378884
161444
451244
303448
112644
134908
537292
408420
397580
359036
81316
35740
17556
93636
90452
97952
95228
200
32844
174596
660020
673484
43328
93024
594920
38028
549036
377500
167396
75416
115820
56720
20484
316996
192520
14844
